<?xml version="1.0" encoding="UTF-8"?>
<testsuite xmlns:xsi="http://www.w3.org/2001/XMLSchema-instance" xsi:noNamespaceSchemaLocation="https://maven.apache.org/surefire/maven-surefire-plugin/xsd/surefire-test-report.xsd" name="ticTacToe.TicTacToeApplicationTest" time="2.943" tests="8" errors="0" skipped="0" failures="7">
  <properties>
    <property name="sun.desktop" value="windows"/>
    <property name="awt.toolkit" value="sun.awt.windows.WToolkit"/>
    <property name="java.specification.version" value="11"/>
    <property name="sun.cpu.isalist" value="amd64"/>
    <property name="sun.jnu.encoding" value="Cp1250"/>
    <property name="java.class.path" value="C:\Users\augma\Documents\NetBeansProjects\mooc-java-programming-i\mooc-java-programming-ii\part13-Part13_13.TicTacToe\target\test-classes;C:\Users\augma\Documents\NetBeansProjects\mooc-java-programming-i\mooc-java-programming-ii\part13-Part13_13.TicTacToe\target\classes;C:\Users\augma\.m2\repository\junit\junit\4.12\junit-4.12.jar;C:\Users\augma\.m2\repository\org\hamcrest\hamcrest-core\1.3\hamcrest-core-1.3.jar;C:\Users\augma\.m2\repository\fi\helsinki\cs\tmc\edu-test-utils\0.4.2\edu-test-utils-0.4.2.jar;C:\Users\augma\.m2\repository\org\testfx\testfx-junit\4.0.15-alpha\testfx-junit-4.0.15-alpha.jar;C:\Users\augma\.m2\repository\org\testfx\testfx-core\4.0.15-alpha\testfx-core-4.0.15-alpha.jar;C:\Users\augma\.m2\repository\org\assertj\assertj-core\3.11.1\assertj-core-3.11.1.jar;C:\Users\augma\.m2\repository\org\testfx\openjfx-monocle\jdk-11+26\openjfx-monocle-jdk-11+26.jar;C:\Users\augma\.m2\repository\org\openjfx\javafx-base\11-ea+25\javafx-base-11-ea+25-win.jar;C:\Users\augma\.m2\repository\org\openjfx\javafx-controls\11-ea+25\javafx-controls-11-ea+25-win.jar;C:\Users\augma\.m2\repository\org\openjfx\javafx-graphics\11-ea+25\javafx-graphics-11-ea+25-win.jar;C:\Users\augma\.m2\repository\org\openjfx\javafx-base\11.0.2\javafx-base-11.0.2.jar;C:\Users\augma\.m2\repository\org\openjfx\javafx-controls\11.0.2\javafx-controls-11.0.2.jar;C:\Users\augma\.m2\repository\org\openjfx\javafx-graphics\11.0.2\javafx-graphics-11.0.2.jar;"/>
    <property name="java.vm.vendor" value="Eclipse Adoptium"/>
    <property name="sun.arch.data.model" value="64"/>
    <property name="user.variant" value=""/>
    <property name="java.vendor.url" value="https://adoptium.net/"/>
    <property name="user.timezone" value="Europe/Belgrade"/>
    <property name="java.vm.specification.version" value="11"/>
    <property name="os.name" value="Windows 10"/>
    <property name="sun.java.launcher" value="SUN_STANDARD"/>
    <property name="user.country" value="PL"/>
    <property name="sun.boot.library.path" value="C:\Program Files\Eclipse Adoptium\jdk-11.0.16.8-hotspot\bin"/>
    <property name="sun.java.command" value="C:\Users\augma\AppData\Local\Temp\surefire4389499954231513996\surefirebooter5014917938650325340.jar C:\Users\augma\AppData\Local\Temp\surefire4389499954231513996 2023-07-06T23-06-48_735-jvmRun1 surefire14135434121295712803tmp surefire_09587141775600191654tmp"/>
    <property name="jdk.debug" value="release"/>
    <property name="surefire.test.class.path" value="C:\Users\augma\Documents\NetBeansProjects\mooc-java-programming-i\mooc-java-programming-ii\part13-Part13_13.TicTacToe\target\test-classes;C:\Users\augma\Documents\NetBeansProjects\mooc-java-programming-i\mooc-java-programming-ii\part13-Part13_13.TicTacToe\target\classes;C:\Users\augma\.m2\repository\junit\junit\4.12\junit-4.12.jar;C:\Users\augma\.m2\repository\org\hamcrest\hamcrest-core\1.3\hamcrest-core-1.3.jar;C:\Users\augma\.m2\repository\fi\helsinki\cs\tmc\edu-test-utils\0.4.2\edu-test-utils-0.4.2.jar;C:\Users\augma\.m2\repository\org\testfx\testfx-junit\4.0.15-alpha\testfx-junit-4.0.15-alpha.jar;C:\Users\augma\.m2\repository\org\testfx\testfx-core\4.0.15-alpha\testfx-core-4.0.15-alpha.jar;C:\Users\augma\.m2\repository\org\assertj\assertj-core\3.11.1\assertj-core-3.11.1.jar;C:\Users\augma\.m2\repository\org\testfx\openjfx-monocle\jdk-11+26\openjfx-monocle-jdk-11+26.jar;C:\Users\augma\.m2\repository\org\openjfx\javafx-base\11-ea+25\javafx-base-11-ea+25-win.jar;C:\Users\augma\.m2\repository\org\openjfx\javafx-controls\11-ea+25\javafx-controls-11-ea+25-win.jar;C:\Users\augma\.m2\repository\org\openjfx\javafx-graphics\11-ea+25\javafx-graphics-11-ea+25-win.jar;C:\Users\augma\.m2\repository\org\openjfx\javafx-base\11.0.2\javafx-base-11.0.2.jar;C:\Users\augma\.m2\repository\org\openjfx\javafx-controls\11.0.2\javafx-controls-11.0.2.jar;C:\Users\augma\.m2\repository\org\openjfx\javafx-graphics\11.0.2\javafx-graphics-11.0.2.jar;"/>
    <property name="sun.cpu.endian" value="little"/>
    <property name="user.home" value="C:\Users\augma"/>
    <property name="user.language" value="pl"/>
    <property name="java.specification.vendor" value="Oracle Corporation"/>
    <property name="java.version.date" value="2022-07-19"/>
    <property name="java.home" value="C:\Program Files\Eclipse Adoptium\jdk-11.0.16.8-hotspot"/>
    <property name="file.separator" value="\"/>
    <property name="basedir" value="C:\Users\augma\Documents\NetBeansProjects\mooc-java-programming-i\mooc-java-programming-ii\part13-Part13_13.TicTacToe"/>
    <property name="java.vm.compressedOopsMode" value="Zero based"/>
    <property name="line.separator" value="&#10;"/>
    <property name="java.specification.name" value="Java Platform API Specification"/>
    <property name="java.vm.specification.vendor" value="Oracle Corporation"/>
    <property name="java.awt.graphicsenv" value="sun.awt.Win32GraphicsEnvironment"/>
    <property name="surefire.real.class.path" value="C:\Users\augma\AppData\Local\Temp\surefire4389499954231513996\surefirebooter5014917938650325340.jar"/>
    <property name="jdk.net.URLClassPath.disableClassPathURLCheck" value="true"/>
    <property name="user.script" value=""/>
    <property name="sun.management.compiler" value="HotSpot 64-Bit Tiered Compilers"/>
    <property name="java.runtime.version" value="11.0.16+8"/>
    <property name="user.name" value="augma"/>
    <property name="path.separator" value=";"/>
    <property name="os.version" value="10.0"/>
    <property name="java.runtime.name" value="OpenJDK Runtime Environment"/>
    <property name="file.encoding" value="UTF-8"/>
    <property name="java.vm.name" value="OpenJDK 64-Bit Server VM"/>
    <property name="java.vendor.version" value="Temurin-11.0.16+8"/>
    <property name="localRepository" value="C:\Users\augma\.m2\repository"/>
    <property name="java.vendor.url.bug" value="https://github.com/adoptium/adoptium-support/issues"/>
    <property name="java.io.tmpdir" value="C:\Users\augma\AppData\Local\Temp\"/>
    <property name="java.version" value="11.0.16"/>
    <property name="user.dir" value="C:\Users\augma\Documents\NetBeansProjects\mooc-java-programming-i\mooc-java-programming-ii\part13-Part13_13.TicTacToe"/>
    <property name="os.arch" value="amd64"/>
    <property name="java.vm.specification.name" value="Java Virtual Machine Specification"/>
    <property name="java.awt.printerjob" value="sun.awt.windows.WPrinterJob"/>
    <property name="sun.os.patch.level" value=""/>
    <property name="java.library.path" value="C:\Program Files\Eclipse Adoptium\jdk-11.0.16.8-hotspot\bin;C:\WINDOWS\Sun\Java\bin;C:\WINDOWS\system32;C:\WINDOWS;C:\Program Files\Common Files\Oracle\Java\javapath;C:\Program Files\Eclipse Adoptium\jdk-11.0.16.8-hotspot\bin;C:\Program Files (x86)\Common Files\Oracle\Java\javapath;C:\WINDOWS\system32;C:\WINDOWS;C:\WINDOWS\System32\Wbem;C:\WINDOWS\System32\WindowsPowerShell\v1.0\;C:\WINDOWS\System32\OpenSSH\;C:\Program Files\NVIDIA Corporation\NVIDIA NvDLISR;C:\Program Files (x86)\NVIDIA Corporation\PhysX\Common;C:\Program Files\dotnet\;C:\Program Files\Git\cmd;C:\Program Files (x86)\apache-maven-3.9.1-bin\apache-maven-3.9.1\bin;C:\Users\augma\AppData\Local\Microsoft\WindowsApps;;C:\Program Files\JetBrains\IntelliJ IDEA Community Edition 2022.1.2\bin;;."/>
    <property name="java.vm.info" value="mixed mode"/>
    <property name="java.vendor" value="Eclipse Adoptium"/>
    <property name="java.vm.version" value="11.0.16+8"/>
    <property name="sun.io.unicode.encoding" value="UnicodeLittle"/>
    <property name="java.class.version" value="55.0"/>
  </properties>
  <testcase name="turnChangesWhenGameIsPlayed" classname="ticTacToe.TicTacToeApplicationTest" time="1.131">
    <failure message="At the beginning of the game the text label should display &quot;Turn: X&quot;. Now it contained the text: &quot;Turn: &quot;. expected:&lt;Turn: [X]&gt; but was:&lt;Turn: []&gt;" type="org.junit.ComparisonFailure"><![CDATA[org.junit.ComparisonFailure: At the beginning of the game the text label should display "Turn: X". Now it contained the text: "Turn: ". expected:<Turn: [X]> but was:<Turn: []>
	at ticTacToe.TicTacToeApplicationTest.checkTurnChange(TicTacToeApplicationTest.java:120)
	at ticTacToe.TicTacToeApplicationTest.turnChangesWhenGameIsPlayed(TicTacToeApplicationTest.java:103)
]]></failure>
  </testcase>
  <testcase name="samePositionCannotBePlayedTwice" classname="ticTacToe.TicTacToeApplicationTest" time="0.252">
    <failure message="At the beginning of the game the text label should display &quot;Turn: X&quot;. Now it contained the text: &quot;Turn: &quot;. expected:&lt;Turn: [X]&gt; but was:&lt;Turn: []&gt;" type="org.junit.ComparisonFailure"><![CDATA[org.junit.ComparisonFailure: At the beginning of the game the text label should display "Turn: X". Now it contained the text: "Turn: ". expected:<Turn: [X]> but was:<Turn: []>
	at ticTacToe.TicTacToeApplicationTest.checkThatSamePositionCannotBePlayedTwice(TicTacToeApplicationTest.java:194)
	at ticTacToe.TicTacToeApplicationTest.samePositionCannotBePlayedTwice(TicTacToeApplicationTest.java:139)
]]></failure>
  </testcase>
  <testcase name="turnChangesWhenGameIsPlayed2" classname="ticTacToe.TicTacToeApplicationTest" time="0.249">
    <failure message="At the beginning of the game the text label should display &quot;Turn: X&quot;. Now it contained the text: &quot;Turn: &quot;. expected:&lt;Turn: [X]&gt; but was:&lt;Turn: []&gt;" type="org.junit.ComparisonFailure"><![CDATA[org.junit.ComparisonFailure: At the beginning of the game the text label should display "Turn: X". Now it contained the text: "Turn: ". expected:<Turn: [X]> but was:<Turn: []>
	at ticTacToe.TicTacToeApplicationTest.checkTurnChange(TicTacToeApplicationTest.java:120)
	at ticTacToe.TicTacToeApplicationTest.turnChangesWhenGameIsPlayed2(TicTacToeApplicationTest.java:109)
]]></failure>
  </testcase>
  <testcase name="turnChangesWhenGameIsPlayed3" classname="ticTacToe.TicTacToeApplicationTest" time="0.245">
    <failure message="At the beginning of the game the text label should display &quot;Turn: X&quot;. Now it contained the text: &quot;Turn: &quot;. expected:&lt;Turn: [X]&gt; but was:&lt;Turn: []&gt;" type="org.junit.ComparisonFailure"><![CDATA[org.junit.ComparisonFailure: At the beginning of the game the text label should display "Turn: X". Now it contained the text: "Turn: ". expected:<Turn: [X]> but was:<Turn: []>
	at ticTacToe.TicTacToeApplicationTest.checkTurnChange(TicTacToeApplicationTest.java:120)
	at ticTacToe.TicTacToeApplicationTest.turnChangesWhenGameIsPlayed3(TicTacToeApplicationTest.java:115)
]]></failure>
  </testcase>
  <testcase name="samePositionCannotBePlayedTwice2" classname="ticTacToe.TicTacToeApplicationTest" time="0.247">
    <failure message="At the beginning of the game the text label should display &quot;Turn: X&quot;. Now it contained the text: &quot;Turn: &quot;. expected:&lt;Turn: [X]&gt; but was:&lt;Turn: []&gt;" type="org.junit.ComparisonFailure"><![CDATA[org.junit.ComparisonFailure: At the beginning of the game the text label should display "Turn: X". Now it contained the text: "Turn: ". expected:<Turn: [X]> but was:<Turn: []>
	at ticTacToe.TicTacToeApplicationTest.checkThatSamePositionCannotBePlayedTwice(TicTacToeApplicationTest.java:194)
	at ticTacToe.TicTacToeApplicationTest.samePositionCannotBePlayedTwice2(TicTacToeApplicationTest.java:145)
]]></failure>
  </testcase>
  <testcase name="samePositionCannotBePlacedTwice3" classname="ticTacToe.TicTacToeApplicationTest" time="0.247">
    <failure message="At the beginning of the game the text label should display &quot;Turn: X&quot;. Now it contained the text: &quot;Turn: &quot;. expected:&lt;Turn: [X]&gt; but was:&lt;Turn: []&gt;" type="org.junit.ComparisonFailure"><![CDATA[org.junit.ComparisonFailure: At the beginning of the game the text label should display "Turn: X". Now it contained the text: "Turn: ". expected:<Turn: [X]> but was:<Turn: []>
	at ticTacToe.TicTacToeApplicationTest.checkThatSamePositionCannotBePlayedTwice(TicTacToeApplicationTest.java:194)
	at ticTacToe.TicTacToeApplicationTest.samePositionCannotBePlacedTwice3(TicTacToeApplicationTest.java:151)
]]></failure>
  </testcase>
  <testcase name="componentsInPlace" classname="ticTacToe.TicTacToeApplicationTest" time="0.252"/>
  <testcase name="gameCanBeWonOrLost" classname="ticTacToe.TicTacToeApplicationTest" time="0.238">
    <failure message="At the beginning of the game the text label should display &quot;Turn: X&quot;. Now it contained the text: &quot;Turn: &quot;. expected:&lt;Turn: [X]&gt; but was:&lt;Turn: []&gt;" type="org.junit.ComparisonFailure"><![CDATA[org.junit.ComparisonFailure: At the beginning of the game the text label should display "Turn: X". Now it contained the text: "Turn: ". expected:<Turn: [X]> but was:<Turn: []>
	at ticTacToe.TicTacToeApplicationTest.gameCanBeWonOrLost(TicTacToeApplicationTest.java:158)
]]></failure>
  </testcase>
</testsuite>